2026-01-07 17:07:18,706 - INFO - Daniel_IncScd2Impln STARTED AT 2026-01-07 17:07:18.706452
2026-01-07 17:07:18,800 - INFO - package: mysql.connector.plugins
2026-01-07 17:07:18,800 - INFO - plugin_name: caching_sha2_password
2026-01-07 17:07:18,800 - INFO - AUTHENTICATION_PLUGIN_CLASS: MySQLCachingSHA2PasswordAuthPlugin
2026-01-07 17:07:18,804 - INFO - Database connection established
2026-01-07 17:07:18,804 - INFO - STEP 1: Starting stage table truncation
2026-01-07 17:07:18,826 - INFO - STEP 1: Stage table truncated
2026-01-07 17:07:18,826 - INFO - STEP 2: Starting incremental data identification and load
2026-01-07 17:07:18,830 - INFO - STEP 2: Incremental load completed – 0 new/updated record(s) identified and loaded into STAGE
2026-01-07 17:07:18,830 - INFO - STEP 3: Starting SCD2 close operation
2026-01-07 17:07:18,830 - INFO - STEP 3 SKIPPED: No incremental data in STAGE
2026-01-07 17:07:18,830 - INFO - STEP 4: Starting SCD2 insert operation
2026-01-07 17:07:18,830 - INFO - STEP 4 SKIPPED: No new or changed records
2026-01-07 17:07:18,830 - INFO - STEP 5: Verifying target load status
2026-01-07 17:07:18,830 - INFO - STEP 5 SKIPPED: TARGET not modified
2026-01-07 17:07:18,830 - INFO - STEP 6: Starting control table update
2026-01-07 17:07:18,830 - INFO - STEP 6 SKIPPED: CONTROL table not updated
2026-01-07 17:07:18,830 - INFO - STEP 7: Job execution completed successfully
2026-01-07 17:07:18,838 - INFO - Daniel_IncScd2Impln ENDED AT 2026-01-07 17:07:18.838232
2026-01-07 17:07:18,838 - INFO - -------------------------------------------------
