2026-01-07 16:50:21,713 - INFO - Daniel_IncScd2Impln STARTED AT 2026-01-07 16:50:21.713631
2026-01-07 16:50:21,884 - INFO - package: mysql.connector.plugins
2026-01-07 16:50:21,884 - INFO - plugin_name: caching_sha2_password
2026-01-07 16:50:21,884 - INFO - AUTHENTICATION_PLUGIN_CLASS: MySQLCachingSHA2PasswordAuthPlugin
2026-01-07 16:50:21,887 - INFO - Database connection established
2026-01-07 16:50:21,887 - INFO - STEP 1: Starting stage table truncation
2026-01-07 16:50:21,925 - INFO - STEP 1: Stage table truncated
2026-01-07 16:50:21,925 - INFO - STEP 2: Starting incremental data identification and load
2026-01-07 16:50:21,930 - INFO - STEP 2: Incremental load completed – 0 new/updated record(s) identified and loaded into STAGE
2026-01-07 16:50:21,930 - INFO - STEP 3: Starting SCD2 close operation
2026-01-07 16:50:21,930 - INFO - STEP 3 SKIPPED: No incremental data in STAGE
2026-01-07 16:50:21,930 - INFO - STEP 4: Starting SCD2 insert operation
2026-01-07 16:50:21,930 - INFO - STEP 4 SKIPPED: No new or changed records
2026-01-07 16:50:21,931 - INFO - STEP 5: Verifying target load status
2026-01-07 16:50:21,931 - INFO - STEP 5 SKIPPED: TARGET not modified
2026-01-07 16:50:21,931 - INFO - STEP 6: Starting control table update
2026-01-07 16:50:21,931 - INFO - STEP 6 SKIPPED: CONTROL table not updated
2026-01-07 16:50:21,931 - INFO - STEP 7: Job execution completed successfully
2026-01-07 16:50:21,939 - INFO - Daniel_IncScd2Impln ENDED AT 2026-01-07 16:50:21.939605
2026-01-07 16:50:21,939 - INFO - -------------------------------------------------
